Build started 8/19/2014 10:01:04 PM.
     1>Project "D:\NgocSon\DriveSon260685\Programming\WindowsAPI\App2\App2\App2.vcxproj" on node 2 (rebuild target(s)).
     1>InitializeBuildStatus:
         Creating "Debug\App2.unsuccessfulbuild" because "AlwaysCreate" was specified.
       ClCompile:
         C:\Program Files (x86)\Microsoft Visual Studio 10.0\VC\bin\CL.exe /c /ZI /nologo /W3 /WX- /Od /Oy- /D WIN32 /D _DEBUG /D _WINDOWS /D _UNICODE /D UNICODE /Gm /EHsc /RTC1 /MDd /GS /fp:precise /Zc:wchar_t /Zc:forScope /Yc"StdAfx.h" /Fp"Debug\App2.pch" /Fo"Debug\\" /Fd"Debug\vc100.pdb" /Gd /TP /analyze- /errorReport:prompt stdafx.cpp
         stdafx.cpp
         C:\Program Files (x86)\Microsoft Visual Studio 10.0\VC\bin\CL.exe /c /ZI /nologo /W3 /WX- /Od /Oy- /D WIN32 /D _DEBUG /D _WINDOWS /D _UNICODE /D UNICODE /Gm /EHsc /RTC1 /MDd /GS /fp:precise /Zc:wchar_t /Zc:forScope /Yu"StdAfx.h" /Fp"Debug\App2.pch" /Fo"Debug\\" /Fd"Debug\vc100.pdb" /Gd /TP /analyze- /errorReport:prompt App2.cpp
         App2.cpp
       ResourceCompile:
         C:\Program Files (x86)\Microsoft SDKs\Windows\v7.0A\bin\rc.exe /D _UNICODE /D UNICODE /l"0x0409" /nologo /fo"Debug\App2.res" App2.rc 
       ManifestResourceCompile:
         C:\Program Files (x86)\Microsoft SDKs\Windows\v7.0A\bin\rc.exe /nologo /fo"Debug\App2.exe.embed.manifest.res" Debug\App2_manifest.rc 
       Link:
         C:\Program Files (x86)\Microsoft Visual Studio 10.0\VC\bin\link.exe /ERRORREPORT:PROMPT /OUT:"D:\NgocSon\DriveSon260685\Programming\WindowsAPI\App2\Debug\App2.exe" /INCREMENTAL /NOLOGO kernel32.lib user32.lib gdi32.lib winspool.lib comdlg32.lib advapi32.lib shell32.lib ole32.lib oleaut32.lib uuid.lib odbc32.lib odbccp32.lib /MANIFEST /ManifestFile:"Debug\App2.exe.intermediate.manifest" /MANIFESTUAC:"level='asInvoker' uiAccess='false'" /DEBUG /PDB:"D:\NgocSon\DriveSon260685\Programming\WindowsAPI\App2\Debug\App2.pdb" /SUBSYSTEM:WINDOWS /TLBID:1 /ENTRY:"mainCRTStartup" /DYNAMICBASE /NXCOMPAT /IMPLIB:"D:\NgocSon\DriveSon260685\Programming\WindowsAPI\App2\Debug\App2.lib" /MACHINE:X86 Debug\App2.res
         Debug\App2.exe.embed.manifest.res
         Debug\App2.obj
         Debug\stdafx.obj
       Manifest:
         Deleting file "Debug\App2.exe.embed.manifest".
         C:\Program Files (x86)\Microsoft SDKs\Windows\v7.0A\bin\mt.exe /nologo /verbose /out:"Debug\App2.exe.embed.manifest" /manifest Debug\App2.exe.intermediate.manifest
         C:\Program Files (x86)\Microsoft SDKs\Windows\v7.0A\bin\rc.exe /nologo /fo"Debug\App2.exe.embed.manifest.res" Debug\App2_manifest.rc 
       LinkEmbedManifest:
         C:\Program Files (x86)\Microsoft Visual Studio 10.0\VC\bin\link.exe /ERRORREPORT:PROMPT /OUT:"D:\NgocSon\DriveSon260685\Programming\WindowsAPI\App2\Debug\App2.exe" /INCREMENTAL /NOLOGO kernel32.lib user32.lib gdi32.lib winspool.lib comdlg32.lib advapi32.lib shell32.lib ole32.lib oleaut32.lib uuid.lib odbc32.lib odbccp32.lib /MANIFEST /ManifestFile:"Debug\App2.exe.intermediate.manifest" /MANIFESTUAC:"level='asInvoker' uiAccess='false'" /DEBUG /PDB:"D:\NgocSon\DriveSon260685\Programming\WindowsAPI\App2\Debug\App2.pdb" /SUBSYSTEM:WINDOWS /TLBID:1 /ENTRY:"mainCRTStartup" /DYNAMICBASE /NXCOMPAT /IMPLIB:"D:\NgocSon\DriveSon260685\Programming\WindowsAPI\App2\Debug\App2.lib" /MACHINE:X86 Debug\App2.res
         Debug\App2.exe.embed.manifest.res
         Debug\App2.obj
         Debug\stdafx.obj
         App2.vcxproj -> D:\NgocSon\DriveSon260685\Programming\WindowsAPI\App2\Debug\App2.exe
       FinalizeBuildStatus:
         Deleting file "Debug\App2.unsuccessfulbuild".
         Touching "Debug\App2.lastbuildstate".
     1>Done Building Project "D:\NgocSon\DriveSon260685\Programming\WindowsAPI\App2\App2\App2.vcxproj" (rebuild target(s)).

Build succeeded.

Time Elapsed 00:00:01.65
