D:\NGOCSON\DRIVESON260685\PROGRAMMING\WINDOWSAPI\WINAPI\APP2\APP2\RELEASE\APP2.EXE.INTERMEDIATE.MANIFEST
D:\NGOCSON\DRIVESON260685\PROGRAMMING\WINDOWSAPI\WINAPI\APP2\APP2\RELEASE\APP2.OBJ
D:\NGOCSON\DRIVESON260685\PROGRAMMING\WINDOWSAPI\WINAPI\APP2\APP2\RELEASE\APP2.PCH
D:\NGOCSON\DRIVESON260685\PROGRAMMING\WINDOWSAPI\WINAPI\APP2\APP2\RELEASE\APP2.RES
D:\NgocSon\DriveSon260685\Programming\WindowsAPI\winapi\App2\App2\Release\cl.command.1.tlog
D:\NgocSon\DriveSon260685\Programming\WindowsAPI\winapi\App2\App2\Release\CL.read.1.tlog
D:\NgocSon\DriveSon260685\Programming\WindowsAPI\winapi\App2\App2\Release\CL.write.1.tlog
D:\NgocSon\DriveSon260685\Programming\WindowsAPI\winapi\App2\App2\Release\link.command.1.tlog
D:\NgocSon\DriveSon260685\Programming\WindowsAPI\winapi\App2\App2\Release\link.read.1.tlog
D:\NgocSon\DriveSon260685\Programming\WindowsAPI\winapi\App2\App2\Release\link.write.1.tlog
D:\NgocSon\DriveSon260685\Programming\WindowsAPI\winapi\App2\App2\Release\link-cvtres.read.1.tlog
D:\NgocSon\DriveSon260685\Programming\WindowsAPI\winapi\App2\App2\Release\link-cvtres.write.1.tlog
D:\NgocSon\DriveSon260685\Programming\WindowsAPI\winapi\App2\App2\Release\mt.command.1.tlog
D:\NgocSon\DriveSon260685\Programming\WindowsAPI\winapi\App2\App2\Release\mt.read.1.tlog
D:\NgocSon\DriveSon260685\Programming\WindowsAPI\winapi\App2\App2\Release\mt.write.1.tlog
D:\NgocSon\DriveSon260685\Programming\WindowsAPI\winapi\App2\App2\Release\rc.command.1.tlog
D:\NgocSon\DriveSon260685\Programming\WindowsAPI\winapi\App2\App2\Release\rc.read.1.tlog
D:\NgocSon\DriveSon260685\Programming\WindowsAPI\winapi\App2\App2\Release\rc.write.1.tlog
D:\NGOCSON\DRIVESON260685\PROGRAMMING\WINDOWSAPI\WINAPI\APP2\APP2\RELEASE\STDAFX.OBJ
D:\NGOCSON\DRIVESON260685\PROGRAMMING\WINDOWSAPI\WINAPI\APP2\APP2\RELEASE\VC100.PDB
D:\NGOCSON\DRIVESON260685\PROGRAMMING\WINDOWSAPI\WINAPI\APP2\RELEASE\APP2.EXE
D:\NGOCSON\DRIVESON260685\PROGRAMMING\WINDOWSAPI\WINAPI\APP2\RELEASE\APP2.PDB
