D:\NGOCSON\DRIVESON260685\PROGRAMMING\WINDOWSAPI\APP1\APP1\DEBUG\APP1.EXE.INTERMEDIATE.MANIFEST
D:\NGOCSON\DRIVESON260685\PROGRAMMING\WINDOWSAPI\APP1\APP1\DEBUG\VC100.PDB
D:\NGOCSON\DRIVESON260685\PROGRAMMING\WINDOWSAPI\APP1\APP1\DEBUG\WINMAIN.OBJ
D:\NGOCSON\DRIVESON260685\PROGRAMMING\WINDOWSAPI\APP1\DEBUG\APP1.EXE
D:\NGOCSON\DRIVESON260685\PROGRAMMING\WINDOWSAPI\APP1\DEBUG\APP1.PDB
D:\NGOCSON\DRIVESON260685\PROGRAMMING\WINDOWSAPI\WINAPI\APP1\APP1\DEBUG\APP1.EXE.INTERMEDIATE.MANIFEST
D:\NgocSon\DriveSon260685\Programming\WindowsAPI\winapi\App1\App1\Debug\App1.vcxprojResolveAssemblyReference.cache
D:\NgocSon\DriveSon260685\Programming\WindowsAPI\winapi\App1\App1\Debug\App1.write.1.tlog
D:\NgocSon\DriveSon260685\Programming\WindowsAPI\winapi\App1\App1\Debug\cl.command.1.tlog
D:\NgocSon\DriveSon260685\Programming\WindowsAPI\winapi\App1\App1\Debug\CL.read.1.tlog
D:\NgocSon\DriveSon260685\Programming\WindowsAPI\winapi\App1\App1\Debug\CL.write.1.tlog
D:\NgocSon\DriveSon260685\Programming\WindowsAPI\winapi\App1\App1\Debug\link.command.1.tlog
D:\NgocSon\DriveSon260685\Programming\WindowsAPI\winapi\App1\App1\Debug\link.read.1.tlog
D:\NgocSon\DriveSon260685\Programming\WindowsAPI\winapi\App1\App1\Debug\link.write.1.tlog
D:\NgocSon\DriveSon260685\Programming\WindowsAPI\winapi\App1\App1\Debug\mt.command.1.tlog
D:\NgocSon\DriveSon260685\Programming\WindowsAPI\winapi\App1\App1\Debug\mt.read.1.tlog
D:\NgocSon\DriveSon260685\Programming\WindowsAPI\winapi\App1\App1\Debug\mt.write.1.tlog
D:\NgocSon\DriveSon260685\Programming\WindowsAPI\winapi\App1\App1\Debug\vc100.idb
D:\NGOCSON\DRIVESON260685\PROGRAMMING\WINDOWSAPI\WINAPI\APP1\APP1\DEBUG\VC100.PDB
D:\NGOCSON\DRIVESON260685\PROGRAMMING\WINDOWSAPI\WINAPI\APP1\APP1\DEBUG\WINMAIN.OBJ
D:\NGOCSON\DRIVESON260685\PROGRAMMING\WINDOWSAPI\WINAPI\APP1\DEBUG\APP1.EXE
D:\NGOCSON\DRIVESON260685\PROGRAMMING\WINDOWSAPI\WINAPI\APP1\DEBUG\APP1.PDB
